<?xml version="1.0" encoding="UTF-8"?>
<testng-results ignored="0" total="1" passed="1" failed="0" skipped="0">
  <reporter-output>
  </reporter-output>
  <suite started-at="2023-06-30T14:26:57 IST" name="Default suite" finished-at="2023-06-30T14:27:05 IST" duration-ms="8237">
    <groups>
    </groups>
    <test started-at="2023-06-30T14:26:57 IST" name="Default test" finished-at="2023-06-30T14:27:05 IST" duration-ms="8237">
      <class name="demoGuruRegisterPage.RegisterPage">
        <test-method signature="TestMethodRegister()[pri:0, instance:demoGuruRegisterPage.RegisterPage@13b13b5d]" started-at="2023-06-30T14:26:57 IST" name="TestMethodRegister" finished-at="2023-06-30T14:27:05 IST" duration-ms="8203" status="PASS">
          <reporter-output>
          </reporter-output>
        </test-method> <!-- TestMethodRegister -->
      </class> <!-- demoGuruRegisterPage.RegisterPage -->
    </test> <!-- Default test -->
  </suite> <!-- Default suite -->
</testng-results>
